<?xml version="1.0" encoding="UTF-8"?>
<!-- Generated by org.testng.reporters.JUnitReportReporter -->
<testsuite hostname="LSTK36739" failures="0" tests="1" name="TestCases.LoginPageTest" time="65.772" errors="0" timestamp="6 Dec 2020 11:15:33 GMT">
  <testcase classname="TestCases.LoginPageTest" name="LoginPage" time="65.772"/>
</testsuite> <!-- TestCases.LoginPageTest -->
